<?xml version="1.0" encoding="UTF-8"?>
<!-- Generated by org.testng.reporters.JUnitXMLReporter -->
<testsuite ignored="0" hostname="TYSS-Sunil" failures="0" tests="5" name="Default test" time="42.484" errors="0" timestamp="2023-10-20T09:05:21 IST">
  <testcase classname="com.exceloperations.demo.b_RealScenario" name="TestCase_1" time="0.004"/>
  <testcase classname="com.exceloperations.demo.b_RealScenario" name="TestCase_1" time="12.565"/>
  <testcase classname="com.exceloperations.demo.b_RealScenario" name="TestCase_1" time="9.798"/>
  <testcase classname="com.exceloperations.demo.b_RealScenario" name="TestCase_1" time="9.761"/>
  <testcase classname="com.exceloperations.demo.b_RealScenario" name="TestCase_1" time="9.845"/>
</testsuite> <!-- Default test -->
