<?xml version="1.0" encoding="UTF-8"?>
<!-- Generated by org.testng.reporters.JUnitXMLReporter -->
<testsuite ignored="0" hostname="TYSS-Sunil" failures="0" tests="5" name="Default test" time="40.817" errors="0" timestamp="2023-10-20T08:59:25 IST">
  <testcase classname="com.exceloperations.demo.b_RealScenario" name="TestCase_1" time="0.006"/>
  <testcase classname="com.exceloperations.demo.b_RealScenario" name="TestCase_1" time="10.461"/>
  <testcase classname="com.exceloperations.demo.b_RealScenario" name="TestCase_1" time="9.917"/>
  <testcase classname="com.exceloperations.demo.b_RealScenario" name="TestCase_1" time="9.954"/>
  <testcase classname="com.exceloperations.demo.b_RealScenario" name="TestCase_1" time="9.961"/>
</testsuite> <!-- Default test -->
