<?xml version="1.0" encoding="UTF-8"?>
<testng-results ignored="0" total="5" passed="5" failed="0" skipped="0">
  <reporter-output>
  </reporter-output>
  <suite started-at="2023-10-20T09:04:38 IST" name="Default suite" finished-at="2023-10-20T09:05:21 IST" duration-ms="42484">
    <groups>
    </groups>
    <test started-at="2023-10-20T09:04:38 IST" name="Default test" finished-at="2023-10-20T09:05:21 IST" duration-ms="42484">
      <class name="com.exceloperations.demo.b_RealScenario">
        <test-method signature="TestCase_1(java.lang.String,java.lang.String)[pri:0, instance:com.exceloperations.demo.b_RealScenario@49139829]" started-at="2023-10-20T09:04:39 IST" name="TestCase_1" data-provider="dataProvider" finished-at="2023-10-20T09:04:39 IST" duration-ms="4" status="PASS">
          <params>
            <param index="0">
              <value is-null="true"/>
            </param>
            <param index="1">
              <value is-null="true"/>
            </param>
          </params>
          <reporter-output>
          </reporter-output>
        </test-method> <!-- TestCase_1 -->
        <test-method signature="TestCase_1(java.lang.String,java.lang.String)[pri:0, instance:com.exceloperations.demo.b_RealScenario@49139829]" started-at="2023-10-20T09:04:39 IST" name="TestCase_1" data-provider="dataProvider" finished-at="2023-10-20T09:04:51 IST" duration-ms="12565" status="PASS">
          <params>
            <param index="0">
              <value>
                <![CDATA[Alpha]]>
              </value>
            </param>
            <param index="1">
              <value>
                <![CDATA[Test@123]]>
              </value>
            </param>
          </params>
          <reporter-output>
          </reporter-output>
        </test-method> <!-- TestCase_1 -->
        <test-method signature="TestCase_1(java.lang.String,java.lang.String)[pri:0, instance:com.exceloperations.demo.b_RealScenario@49139829]" started-at="2023-10-20T09:04:51 IST" name="TestCase_1" data-provider="dataProvider" finished-at="2023-10-20T09:05:01 IST" duration-ms="9798" status="PASS">
          <params>
            <param index="0">
              <value>
                <![CDATA[Beta]]>
              </value>
            </param>
            <param index="1">
              <value>
                <![CDATA[Test@124]]>
              </value>
            </param>
          </params>
          <reporter-output>
          </reporter-output>
        </test-method> <!-- TestCase_1 -->
        <test-method signature="TestCase_1(java.lang.String,java.lang.String)[pri:0, instance:com.exceloperations.demo.b_RealScenario@49139829]" started-at="2023-10-20T09:05:01 IST" name="TestCase_1" data-provider="dataProvider" finished-at="2023-10-20T09:05:11 IST" duration-ms="9761" status="PASS">
          <params>
            <param index="0">
              <value>
                <![CDATA[Charlie]]>
              </value>
            </param>
            <param index="1">
              <value>
                <![CDATA[Test@125]]>
              </value>
            </param>
          </params>
          <reporter-output>
          </reporter-output>
        </test-method> <!-- TestCase_1 -->
        <test-method signature="TestCase_1(java.lang.String,java.lang.String)[pri:0, instance:com.exceloperations.demo.b_RealScenario@49139829]" started-at="2023-10-20T09:05:11 IST" name="TestCase_1" data-provider="dataProvider" finished-at="2023-10-20T09:05:21 IST" duration-ms="9845" status="PASS">
          <params>
            <param index="0">
              <value>
                <![CDATA[Delta]]>
              </value>
            </param>
            <param index="1">
              <value>
                <![CDATA[Test@126]]>
              </value>
            </param>
          </params>
          <reporter-output>
          </reporter-output>
        </test-method> <!-- TestCase_1 -->
      </class> <!-- com.exceloperations.demo.b_RealScenario -->
    </test> <!-- Default test -->
  </suite> <!-- Default suite -->
</testng-results>
